app/build/intermediates/manifest_merge_blame_file/debug/manifest-merger-blame-debug-report.txt
1<?xml version="1.0" encoding="utf-8"?>
2<manifest xmlns:android="http://schemas.android.com/apk/res/android"
3    package="com.example.blurdatingapplication"
4    android:versionCode="1"
5    android:versionName="1.0" >
6
7    <uses-sdk
8        android:minSdkVersion="21"
9        android:targetSdkVersion="33" />
10
11    <uses-permission android:name="android.permission.POST_NOTIFICATIONS" />
11-->src\main\AndroidManifest.xml:5:5-77
11-->src\main\AndroidManifest.xml:5:22-74
12
13    <queries>
13-->[com.github.dhaval2404:imagepicker:2.1] AndroidManifest.xml:9:5-19:15
14
15        <!-- Query Camera Packages -->
16        <intent>
16-->[com.github.dhaval2404:imagepicker:2.1] AndroidManifest.xml:12:9-14:18
17            <action android:name="android.media.action.IMAGE_CAPTURE" />
17-->[com.github.dhaval2404:imagepicker:2.1] AndroidManifest.xml:13:13-73
17-->[com.github.dhaval2404:imagepicker:2.1] AndroidManifest.xml:13:21-70
18        </intent>
19        <!-- Query Open Document -->
20        <intent>
20-->[com.github.dhaval2404:imagepicker:2.1] AndroidManifest.xml:16:9-18:18
21            <action android:name="android.intent.action.OPEN_DOCUMENT_TREE" />
21-->[com.github.dhaval2404:imagepicker:2.1] AndroidManifest.xml:17:13-79
21-->[com.github.dhaval2404:imagepicker:2.1] AndroidManifest.xml:17:21-76
22        </intent>
23    </queries>
24
25    <uses-permission android:name="android.permission.INTERNET" />
25-->[com.firebaseui:firebase-ui-firestore:8.0.2] AndroidManifest.xml:9:5-67
25-->[com.firebaseui:firebase-ui-firestore:8.0.2] AndroidManifest.xml:9:22-64
26    <uses-permission android:name="android.permission.ACCESS_NETWORK_STATE" />
26-->[com.google.firebase:firebase-auth:22.2.0] AndroidManifest.xml:26:5-79
26-->[com.google.firebase:firebase-auth:22.2.0] AndroidManifest.xml:26:22-76
27
28    <permission
28-->[androidx.core:core:1.9.0] AndroidManifest.xml:22:5-24:47
29        android:name="com.example.blurdatingapplication.DYNAMIC_RECEIVER_NOT_EXPORTED_PERMISSION"
29-->[androidx.core:core:1.9.0] AndroidManifest.xml:23:9-81
30        android:protectionLevel="signature" />
30-->[androidx.core:core:1.9.0] AndroidManifest.xml:24:9-44
31
32    <uses-permission android:name="com.example.blurdatingapplication.DYNAMIC_RECEIVER_NOT_EXPORTED_PERMISSION" />
32-->[androidx.core:core:1.9.0] AndroidManifest.xml:26:5-97
32-->[androidx.core:core:1.9.0] AndroidManifest.xml:26:22-94
33
34    <application
34-->src\main\AndroidManifest.xml:6:5-90:19
35        android:allowBackup="true"
35-->src\main\AndroidManifest.xml:7:9-35
36        android:appComponentFactory="androidx.core.app.CoreComponentFactory"
36-->[androidx.core:core:1.9.0] AndroidManifest.xml:28:18-86
37        android:dataExtractionRules="@xml/data_extraction_rules"
37-->src\main\AndroidManifest.xml:8:9-65
38        android:debuggable="true"
39        android:enableOnBackInvokedCallback="true"
39-->src\main\AndroidManifest.xml:9:9-51
40        android:extractNativeLibs="true"
41        android:fullBackupContent="@xml/backup_rules"
41-->src\main\AndroidManifest.xml:10:9-54
42        android:icon="@mipmap/ic_launcher"
42-->src\main\AndroidManifest.xml:11:9-43
43        android:label="@string/app_name"
43-->src\main\AndroidManifest.xml:12:9-41
44        android:roundIcon="@mipmap/ic_launcher_round"
44-->src\main\AndroidManifest.xml:13:9-54
45        android:supportsRtl="true"
45-->src\main\AndroidManifest.xml:14:9-35
46        android:testOnly="true"
47        android:theme="@style/Theme.BlurDatingApplication" >
47-->src\main\AndroidManifest.xml:15:9-59
48        <activity
48-->src\main\AndroidManifest.xml:17:9-20:40
49            android:name="com.example.blurdatingapplication.mypage.ProfitMonitoring"
49-->src\main\AndroidManifest.xml:19:13-52
50            android:exported="false" />
50-->src\main\AndroidManifest.xml:20:13-37
51        <activity
51-->src\main\AndroidManifest.xml:21:9-24:40
52            android:name="com.example.blurdatingapplication.PremiumActivity"
52-->src\main\AndroidManifest.xml:23:13-44
53            android:exported="false" />
53-->src\main\AndroidManifest.xml:24:13-37
54        <!--
55        <activity
56            android:name=".activity_premium"
57            android:exported="false" />
58        -->
59
60        <activity android:name="com.example.blurdatingapplication.ChatActivity" />
60-->src\main\AndroidManifest.xml:32:9-33:43
60-->src\main\AndroidManifest.xml:33:13-41
61        <activity
61-->src\main\AndroidManifest.xml:35:9-37:39
62            android:name="com.example.blurdatingapplication.chat.ChatroomModel"
62-->src\main\AndroidManifest.xml:36:13-47
63            android:exported="false" />
63-->src\main\AndroidManifest.xml:37:13-37
64        <activity
64-->src\main\AndroidManifest.xml:39:9-41:40
65            android:name="com.example.blurdatingapplication.registration.SetUpAllUserProfile"
65-->src\main\AndroidManifest.xml:40:13-61
66            android:exported="false" />
66-->src\main\AndroidManifest.xml:41:13-37
67        <activity android:name="com.example.blurdatingapplication.mypage.EditProfile" />
67-->src\main\AndroidManifest.xml:42:9-43:49
67-->src\main\AndroidManifest.xml:43:13-47
68        <activity
68-->src\main\AndroidManifest.xml:44:9-47:40
69            android:name="com.example.blurdatingapplication.Setting"
69-->src\main\AndroidManifest.xml:46:13-36
70            android:exported="false" />
70-->src\main\AndroidManifest.xml:47:13-37
71        <activity
71-->src\main\AndroidManifest.xml:48:9-50:40
72            android:name="com.example.blurdatingapplication.registration.SetUpProfile"
72-->src\main\AndroidManifest.xml:49:13-54
73            android:exported="false" />
73-->src\main\AndroidManifest.xml:50:13-37
74        <activity
74-->src\main\AndroidManifest.xml:51:9-53:40
75            android:name="com.example.blurdatingapplication.registration.SetUpInterest"
75-->src\main\AndroidManifest.xml:52:13-55
76            android:exported="false" />
76-->src\main\AndroidManifest.xml:53:13-37
77        <activity
77-->src\main\AndroidManifest.xml:54:9-56:40
78            android:name="com.example.blurdatingapplication.registration.SetUpProfilePhysicalFeature"
78-->src\main\AndroidManifest.xml:55:13-69
79            android:exported="false" />
79-->src\main\AndroidManifest.xml:56:13-37
80        <activity
80-->src\main\AndroidManifest.xml:57:9-59:40
81            android:name="com.example.blurdatingapplication.registration.SetUpUserProfile"
81-->src\main\AndroidManifest.xml:58:13-58
82            android:exported="false" />
82-->src\main\AndroidManifest.xml:59:13-37
83        <activity
83-->src\main\AndroidManifest.xml:60:9-62:40
84            android:name="com.example.blurdatingapplication.registration.SetUpUserInfo3"
84-->src\main\AndroidManifest.xml:61:13-56
85            android:exported="false" />
85-->src\main\AndroidManifest.xml:62:13-37
86        <activity
86-->src\main\AndroidManifest.xml:63:9-65:40
87            android:name="com.example.blurdatingapplication.registration.SetUpUserInfo2"
87-->src\main\AndroidManifest.xml:64:13-56
88            android:exported="false" />
88-->src\main\AndroidManifest.xml:65:13-37
89        <activity
89-->src\main\AndroidManifest.xml:66:9-68:40
90            android:name="com.example.blurdatingapplication.registration.SetUpUserInfo"
90-->src\main\AndroidManifest.xml:67:13-55
91            android:exported="false" />
91-->src\main\AndroidManifest.xml:68:13-37
92        <activity
92-->src\main\AndroidManifest.xml:69:9-71:40
93            android:name="com.example.blurdatingapplication.registration.VerifyAge"
93-->src\main\AndroidManifest.xml:70:13-51
94            android:exported="false" />
94-->src\main\AndroidManifest.xml:71:13-37
95        <activity
95-->src\main\AndroidManifest.xml:72:9-74:40
96            android:name="com.example.blurdatingapplication.registration.Register"
96-->src\main\AndroidManifest.xml:73:13-50
97            android:exported="false" />
97-->src\main\AndroidManifest.xml:74:13-37
98        <activity
98-->src\main\AndroidManifest.xml:75:9-77:40
99            android:name="com.example.blurdatingapplication.Login"
99-->src\main\AndroidManifest.xml:76:13-34
100            android:exported="false" />
100-->src\main\AndroidManifest.xml:77:13-37
101        <activity
101-->src\main\AndroidManifest.xml:78:9-86:20
102            android:name="com.example.blurdatingapplication.LaunchActivity"
102-->src\main\AndroidManifest.xml:79:13-43
103            android:exported="true" >
103-->src\main\AndroidManifest.xml:80:13-36
104            <intent-filter>
104-->src\main\AndroidManifest.xml:81:13-85:29
105                <action android:name="android.intent.action.MAIN" />
105-->src\main\AndroidManifest.xml:82:17-69
105-->src\main\AndroidManifest.xml:82:25-66
106
107                <category android:name="android.intent.category.LAUNCHER" />
107-->src\main\AndroidManifest.xml:84:17-77
107-->src\main\AndroidManifest.xml:84:27-74
108            </intent-filter>
109        </activity>
110        <activity
110-->src\main\AndroidManifest.xml:87:9-89:40
111            android:name="com.example.blurdatingapplication.MainActivity"
111-->src\main\AndroidManifest.xml:88:13-41
112            android:exported="false" />
112-->src\main\AndroidManifest.xml:89:13-37
113        <activity
113-->[com.github.dhaval2404:imagepicker:2.1] AndroidManifest.xml:22:9-25:68
114            android:name="com.github.dhaval2404.imagepicker.ImagePickerActivity"
114-->[com.github.dhaval2404:imagepicker:2.1] AndroidManifest.xml:23:13-81
115            android:screenOrientation="unspecified"
115-->[com.github.dhaval2404:imagepicker:2.1] AndroidManifest.xml:24:13-52
116            android:theme="@style/Theme.Transparent.ImagePicker" />
116-->[com.github.dhaval2404:imagepicker:2.1] AndroidManifest.xml:25:13-65
117        <activity
117-->[com.github.dhaval2404:imagepicker:2.1] AndroidManifest.xml:26:9-29:72
118            android:name="com.yalantis.ucrop.UCropActivity"
118-->[com.github.dhaval2404:imagepicker:2.1] AndroidManifest.xml:27:13-60
119            android:screenOrientation="portrait"
119-->[com.github.dhaval2404:imagepicker:2.1] AndroidManifest.xml:28:13-49
120            android:theme="@style/Theme.AppCompat.Light.NoActionBar" />
120-->[com.github.dhaval2404:imagepicker:2.1] AndroidManifest.xml:29:13-69
121
122        <provider
122-->[com.github.dhaval2404:imagepicker:2.1] AndroidManifest.xml:31:9-39:20
123            android:name="com.github.dhaval2404.imagepicker.ImagePickerFileProvider"
123-->[com.github.dhaval2404:imagepicker:2.1] AndroidManifest.xml:32:13-85
124            android:authorities="com.example.blurdatingapplication.imagepicker.provider"
124-->[com.github.dhaval2404:imagepicker:2.1] AndroidManifest.xml:33:13-72
125            android:exported="false"
125-->[com.github.dhaval2404:imagepicker:2.1] AndroidManifest.xml:34:13-37
126            android:grantUriPermissions="true" >
126-->[com.github.dhaval2404:imagepicker:2.1] AndroidManifest.xml:35:13-47
127            <meta-data
127-->[com.github.dhaval2404:imagepicker:2.1] AndroidManifest.xml:36:13-38:71
128                android:name="android.support.FILE_PROVIDER_PATHS"
128-->[com.github.dhaval2404:imagepicker:2.1] AndroidManifest.xml:37:17-67
129                android:resource="@xml/image_picker_provider_paths" />
129-->[com.github.dhaval2404:imagepicker:2.1] AndroidManifest.xml:38:17-68
130        </provider>
131
132        <activity
132-->[com.google.firebase:firebase-auth:22.2.0] AndroidManifest.xml:29:9-46:20
133            android:name="com.google.firebase.auth.internal.GenericIdpActivity"
133-->[com.google.firebase:firebase-auth:22.2.0] AndroidManifest.xml:30:13-80
134            android:excludeFromRecents="true"
134-->[com.google.firebase:firebase-auth:22.2.0] AndroidManifest.xml:31:13-46
135            android:exported="true"
135-->[com.google.firebase:firebase-auth:22.2.0] AndroidManifest.xml:32:13-36
136            android:launchMode="singleTask"
136-->[com.google.firebase:firebase-auth:22.2.0] AndroidManifest.xml:33:13-44
137            android:theme="@android:style/Theme.Translucent.NoTitleBar" >
137-->[com.google.firebase:firebase-auth:22.2.0] AndroidManifest.xml:34:13-72
138            <intent-filter>
138-->[com.google.firebase:firebase-auth:22.2.0] AndroidManifest.xml:35:13-45:29
139                <action android:name="android.intent.action.VIEW" />
139-->[com.google.firebase:firebase-auth:22.2.0] AndroidManifest.xml:36:17-69
139-->[com.google.firebase:firebase-auth:22.2.0] AndroidManifest.xml:36:25-66
140
141                <category android:name="android.intent.category.DEFAULT" />
141-->[com.google.firebase:firebase-auth:22.2.0] AndroidManifest.xml:38:17-76
141-->[com.google.firebase:firebase-auth:22.2.0] AndroidManifest.xml:38:27-73
142                <category android:name="android.intent.category.BROWSABLE" />
142-->[com.google.firebase:firebase-auth:22.2.0] AndroidManifest.xml:39:17-78
142-->[com.google.firebase:firebase-auth:22.2.0] AndroidManifest.xml:39:27-75
143
144                <data
144-->[com.google.firebase:firebase-auth:22.2.0] AndroidManifest.xml:41:17-44:51
145                    android:host="firebase.auth"
145-->[com.google.firebase:firebase-auth:22.2.0] AndroidManifest.xml:42:21-49
146                    android:path="/"
146-->[com.google.firebase:firebase-auth:22.2.0] AndroidManifest.xml:43:21-37
147                    android:scheme="genericidp" />
147-->[com.google.firebase:firebase-auth:22.2.0] AndroidManifest.xml:44:21-48
148            </intent-filter>
149        </activity>
150        <activity
150-->[com.google.firebase:firebase-auth:22.2.0] AndroidManifest.xml:47:9-64:20
151            android:name="com.google.firebase.auth.internal.RecaptchaActivity"
151-->[com.google.firebase:firebase-auth:22.2.0] AndroidManifest.xml:48:13-79
152            android:excludeFromRecents="true"
152-->[com.google.firebase:firebase-auth:22.2.0] AndroidManifest.xml:49:13-46
153            android:exported="true"
153-->[com.google.firebase:firebase-auth:22.2.0] AndroidManifest.xml:50:13-36
154            android:launchMode="singleTask"
154-->[com.google.firebase:firebase-auth:22.2.0] AndroidManifest.xml:51:13-44
155            android:theme="@android:style/Theme.Translucent.NoTitleBar" >
155-->[com.google.firebase:firebase-auth:22.2.0] AndroidManifest.xml:52:13-72
156            <intent-filter>
156-->[com.google.firebase:firebase-auth:22.2.0] AndroidManifest.xml:53:13-63:29
157                <action android:name="android.intent.action.VIEW" />
157-->[com.google.firebase:firebase-auth:22.2.0] AndroidManifest.xml:36:17-69
157-->[com.google.firebase:firebase-auth:22.2.0] AndroidManifest.xml:36:25-66
158
159                <category android:name="android.intent.category.DEFAULT" />
159-->[com.google.firebase:firebase-auth:22.2.0] AndroidManifest.xml:38:17-76
159-->[com.google.firebase:firebase-auth:22.2.0] AndroidManifest.xml:38:27-73
160                <category android:name="android.intent.category.BROWSABLE" />
160-->[com.google.firebase:firebase-auth:22.2.0] AndroidManifest.xml:39:17-78
160-->[com.google.firebase:firebase-auth:22.2.0] AndroidManifest.xml:39:27-75
161
162                <data
162-->[com.google.firebase:firebase-auth:22.2.0] AndroidManifest.xml:41:17-44:51
163                    android:host="firebase.auth"
163-->[com.google.firebase:firebase-auth:22.2.0] AndroidManifest.xml:42:21-49
164                    android:path="/"
164-->[com.google.firebase:firebase-auth:22.2.0] AndroidManifest.xml:43:21-37
165                    android:scheme="recaptcha" />
165-->[com.google.firebase:firebase-auth:22.2.0] AndroidManifest.xml:44:21-48
166            </intent-filter>
167        </activity>
168
169        <service
169-->[com.google.firebase:firebase-auth:22.2.0] AndroidManifest.xml:66:9-72:19
170            android:name="com.google.firebase.components.ComponentDiscoveryService"
170-->[com.google.firebase:firebase-auth:22.2.0] AndroidManifest.xml:67:13-84
171            android:directBootAware="true"
171-->[com.google.firebase:firebase-common:20.4.2] AndroidManifest.xml:32:13-43
172            android:exported="false" >
172-->[com.google.firebase:firebase-auth:22.2.0] AndroidManifest.xml:68:13-37
173            <meta-data
173-->[com.google.firebase:firebase-auth:22.2.0] AndroidManifest.xml:69:13-71:85
174                android:name="com.google.firebase.components:com.google.firebase.auth.FirebaseAuthRegistrar"
174-->[com.google.firebase:firebase-auth:22.2.0] AndroidManifest.xml:70:17-109
175                android:value="com.google.firebase.components.ComponentRegistrar" />
175-->[com.google.firebase:firebase-auth:22.2.0] AndroidManifest.xml:71:17-82
176            <meta-data
176-->[com.google.firebase:firebase-firestore:24.9.1] AndroidManifest.xml:17:13-19:85
177                android:name="com.google.firebase.components:com.google.firebase.firestore.FirebaseFirestoreKtxRegistrar"
177-->[com.google.firebase:firebase-firestore:24.9.1] AndroidManifest.xml:18:17-122
178                android:value="com.google.firebase.components.ComponentRegistrar" />
178-->[com.google.firebase:firebase-firestore:24.9.1] AndroidManifest.xml:19:17-82
179            <meta-data
179-->[com.google.firebase:firebase-firestore:24.9.1] AndroidManifest.xml:20:13-22:85
180                android:name="com.google.firebase.components:com.google.firebase.firestore.FirestoreRegistrar"
180-->[com.google.firebase:firebase-firestore:24.9.1] AndroidManifest.xml:21:17-111
181                android:value="com.google.firebase.components.ComponentRegistrar" />
181-->[com.google.firebase:firebase-firestore:24.9.1] AndroidManifest.xml:22:17-82
182            <meta-data
182-->[com.google.firebase:firebase-storage:20.3.0] AndroidManifest.xml:30:13-32:85
183                android:name="com.google.firebase.components:com.google.firebase.storage.FirebaseStorageKtxRegistrar"
183-->[com.google.firebase:firebase-storage:20.3.0] AndroidManifest.xml:31:17-118
184                android:value="com.google.firebase.components.ComponentRegistrar" />
184-->[com.google.firebase:firebase-storage:20.3.0] AndroidManifest.xml:32:17-82
185            <meta-data
185-->[com.google.firebase:firebase-storage:20.3.0] AndroidManifest.xml:33:13-35:85
186                android:name="com.google.firebase.components:com.google.firebase.storage.StorageRegistrar"
186-->[com.google.firebase:firebase-storage:20.3.0] AndroidManifest.xml:34:17-107
187                android:value="com.google.firebase.components.ComponentRegistrar" />
187-->[com.google.firebase:firebase-storage:20.3.0] AndroidManifest.xml:35:17-82
188            <meta-data
188-->[com.google.firebase:firebase-appcheck:17.1.0] AndroidManifest.xml:25:13-27:85
189                android:name="com.google.firebase.components:com.google.firebase.appcheck.FirebaseAppCheckKtxRegistrar"
189-->[com.google.firebase:firebase-appcheck:17.1.0] AndroidManifest.xml:26:17-120
190                android:value="com.google.firebase.components.ComponentRegistrar" />
190-->[com.google.firebase:firebase-appcheck:17.1.0] AndroidManifest.xml:27:17-82
191            <meta-data
191-->[com.google.firebase:firebase-appcheck:17.1.0] AndroidManifest.xml:28:13-30:85
192                android:name="com.google.firebase.components:com.google.firebase.appcheck.FirebaseAppCheckRegistrar"
192-->[com.google.firebase:firebase-appcheck:17.1.0] AndroidManifest.xml:29:17-117
193                android:value="com.google.firebase.components.ComponentRegistrar" />
193-->[com.google.firebase:firebase-appcheck:17.1.0] AndroidManifest.xml:30:17-82
194            <meta-data
194-->[com.google.firebase:firebase-common-ktx:20.4.2] AndroidManifest.xml:12:13-14:85
195                android:name="com.google.firebase.components:com.google.firebase.ktx.FirebaseCommonLegacyRegistrar"
195-->[com.google.firebase:firebase-common-ktx:20.4.2] AndroidManifest.xml:13:17-116
196                android:value="com.google.firebase.components.ComponentRegistrar" />
196-->[com.google.firebase:firebase-common-ktx:20.4.2] AndroidManifest.xml:14:17-82
197            <meta-data
197-->[com.google.firebase:firebase-common:20.4.2] AndroidManifest.xml:35:13-37:85
198                android:name="com.google.firebase.components:com.google.firebase.FirebaseCommonKtxRegistrar"
198-->[com.google.firebase:firebase-common:20.4.2] AndroidManifest.xml:36:17-109
199                android:value="com.google.firebase.components.ComponentRegistrar" />
199-->[com.google.firebase:firebase-common:20.4.2] AndroidManifest.xml:37:17-82
200        </service>
201
202        <provider
202-->[com.google.firebase:firebase-common:20.4.2] AndroidManifest.xml:23:9-28:39
203            android:name="com.google.firebase.provider.FirebaseInitProvider"
203-->[com.google.firebase:firebase-common:20.4.2] AndroidManifest.xml:24:13-77
204            android:authorities="com.example.blurdatingapplication.firebaseinitprovider"
204-->[com.google.firebase:firebase-common:20.4.2] AndroidManifest.xml:25:13-72
205            android:directBootAware="true"
205-->[com.google.firebase:firebase-common:20.4.2] AndroidManifest.xml:26:13-43
206            android:exported="false"
206-->[com.google.firebase:firebase-common:20.4.2] AndroidManifest.xml:27:13-37
207            android:initOrder="100" />
207-->[com.google.firebase:firebase-common:20.4.2] AndroidManifest.xml:28:13-36
208
209        <activity
209-->[com.google.android.gms:play-services-base:18.0.1] AndroidManifest.xml:20:9-22:45
210            android:name="com.google.android.gms.common.api.GoogleApiActivity"
210-->[com.google.android.gms:play-services-base:18.0.1] AndroidManifest.xml:20:19-85
211            android:exported="false"
211-->[com.google.android.gms:play-services-base:18.0.1] AndroidManifest.xml:22:19-43
212            android:theme="@android:style/Theme.Translucent.NoTitleBar" />
212-->[com.google.android.gms:play-services-base:18.0.1] AndroidManifest.xml:21:19-78
213
214        <provider
214-->[androidx.emoji2:emoji2:1.2.0] AndroidManifest.xml:24:9-32:20
215            android:name="androidx.startup.InitializationProvider"
215-->[androidx.emoji2:emoji2:1.2.0] AndroidManifest.xml:25:13-67
216            android:authorities="com.example.blurdatingapplication.androidx-startup"
216-->[androidx.emoji2:emoji2:1.2.0] AndroidManifest.xml:26:13-68
217            android:exported="false" >
217-->[androidx.emoji2:emoji2:1.2.0] AndroidManifest.xml:27:13-37
218            <meta-data
218-->[androidx.emoji2:emoji2:1.2.0] AndroidManifest.xml:29:13-31:52
219                android:name="androidx.emoji2.text.EmojiCompatInitializer"
219-->[androidx.emoji2:emoji2:1.2.0] AndroidManifest.xml:30:17-75
220                android:value="androidx.startup" />
220-->[androidx.emoji2:emoji2:1.2.0] AndroidManifest.xml:31:17-49
221            <meta-data
221-->[androidx.lifecycle:lifecycle-process:2.6.1] AndroidManifest.xml:29:13-31:52
222                android:name="androidx.lifecycle.ProcessLifecycleInitializer"
222-->[androidx.lifecycle:lifecycle-process:2.6.1] AndroidManifest.xml:30:17-78
223                android:value="androidx.startup" />
223-->[androidx.lifecycle:lifecycle-process:2.6.1] AndroidManifest.xml:31:17-49
224            <meta-data
224-->[androidx.profileinstaller:profileinstaller:1.3.0] AndroidManifest.xml:29:13-31:52
225                android:name="androidx.profileinstaller.ProfileInstallerInitializer"
225-->[androidx.profileinstaller:profileinstaller:1.3.0] AndroidManifest.xml:30:17-85
226                android:value="androidx.startup" />
226-->[androidx.profileinstaller:profileinstaller:1.3.0] AndroidManifest.xml:31:17-49
227        </provider>
228
229        <meta-data
229-->[com.google.android.gms:play-services-basement:18.1.0] AndroidManifest.xml:21:9-23:69
230            android:name="com.google.android.gms.version"
230-->[com.google.android.gms:play-services-basement:18.1.0] AndroidManifest.xml:22:13-58
231            android:value="@integer/google_play_services_version" />
231-->[com.google.android.gms:play-services-basement:18.1.0] AndroidManifest.xml:23:13-66
232
233        <receiver
233-->[androidx.profileinstaller:profileinstaller:1.3.0] AndroidManifest.xml:34:9-52:20
234            android:name="androidx.profileinstaller.ProfileInstallReceiver"
234-->[androidx.profileinstaller:profileinstaller:1.3.0] AndroidManifest.xml:35:13-76
235            android:directBootAware="false"
235-->[androidx.profileinstaller:profileinstaller:1.3.0] AndroidManifest.xml:36:13-44
236            android:enabled="true"
236-->[androidx.profileinstaller:profileinstaller:1.3.0] AndroidManifest.xml:37:13-35
237            android:exported="true"
237-->[androidx.profileinstaller:profileinstaller:1.3.0] AndroidManifest.xml:38:13-36
238            android:permission="android.permission.DUMP" >
238-->[androidx.profileinstaller:profileinstaller:1.3.0] AndroidManifest.xml:39:13-57
239            <intent-filter>
239-->[androidx.profileinstaller:profileinstaller:1.3.0] AndroidManifest.xml:40:13-42:29
240                <action android:name="androidx.profileinstaller.action.INSTALL_PROFILE" />
240-->[androidx.profileinstaller:profileinstaller:1.3.0] AndroidManifest.xml:41:17-91
240-->[androidx.profileinstaller:profileinstaller:1.3.0] AndroidManifest.xml:41:25-88
241            </intent-filter>
242            <intent-filter>
242-->[androidx.profileinstaller:profileinstaller:1.3.0] AndroidManifest.xml:43:13-45:29
243                <action android:name="androidx.profileinstaller.action.SKIP_FILE" />
243-->[androidx.profileinstaller:profileinstaller:1.3.0] AndroidManifest.xml:44:17-85
243-->[androidx.profileinstaller:profileinstaller:1.3.0] AndroidManifest.xml:44:25-82
244            </intent-filter>
245            <intent-filter>
245-->[androidx.profileinstaller:profileinstaller:1.3.0] AndroidManifest.xml:46:13-48:29
246                <action android:name="androidx.profileinstaller.action.SAVE_PROFILE" />
246-->[androidx.profileinstaller:profileinstaller:1.3.0] AndroidManifest.xml:47:17-88
246-->[androidx.profileinstaller:profileinstaller:1.3.0] AndroidManifest.xml:47:25-85
247            </intent-filter>
248            <intent-filter>
248-->[androidx.profileinstaller:profileinstaller:1.3.0] AndroidManifest.xml:49:13-51:29
249                <action android:name="androidx.profileinstaller.action.BENCHMARK_OPERATION" />
249-->[androidx.profileinstaller:profileinstaller:1.3.0] AndroidManifest.xml:50:17-95
249-->[androidx.profileinstaller:profileinstaller:1.3.0] AndroidManifest.xml:50:25-92
250            </intent-filter>
251        </receiver>
252    </application>
253
254</manifest>